# JRE version: Java(TM) SE Runtime Environment (8.0_77-b03) (build 1.8.0_77-b03)
# Java VM: Java HotSpot(TM) 64-Bit Server VM (25.77-b03 mixed mode windows-amd64 compressed oops)
Heap:
 PSYoungGen      total 220672K, used 220643K [0x00000000eab00000, 0x00000000fb080000, 0x0000000100000000)
  eden space 196608K, 100% used [0x00000000eab00000,0x00000000f6b00000,0x00000000f6b00000)
  from space 24064K, 99% used [0x00000000f6b00000,0x00000000f8278e98,0x00000000f8280000)
  to   space 29696K, 86% used [0x00000000f9380000,0x00000000fac74ea8,0x00000000fb080000)
 ParOldGen       total 204800K, used 63357K [0x00000000c0000000, 0x00000000cc800000, 0x00000000eab00000)
  object space 204800K, 30% used [0x00000000c0000000,0x00000000c3ddf518,0x00000000cc800000)
 Metaspace       used 98157K, capacity 105456K, committed 113536K, reserved 1148928K
  class space    used 12189K, capacity 12823K, committed 14720K, reserved 1048576K
GC Heap History (10 events):
Event: 15879.489 GC heap after
Heap after GC invocations=119 (full 27):
 PSYoungGen      total 211968K, used 8416K [0x00000000eab00000, 0x00000000f9c00000, 0x0000000100000000)
  eden space 185344K, 0% used [0x00000000eab00000,0x00000000eab00000,0x00000000f6000000)
  from space 26624K, 31% used [0x00000000f7880000,0x00000000f80b8090,0x00000000f9280000)
  to   space 25088K, 0% used [0x00000000f6000000,0x00000000f6000000,0x00000000f7880000)
 ParOldGen       total 204800K, used 90321K [0x00000000c0000000, 0x00000000cc800000, 0x00000000eab00000)
  object space 204800K, 44% used [0x00000000c0000000,0x00000000c5834448,0x00000000cc800000)
 Metaspace       used 100618K, capacity 110018K, committed 113536K, reserved 1148928K
  class space    used 12760K, capacity 13905K, committed 14720K, reserved 1048576K
}
Event: 15881.502 GC heap before
{Heap before GC invocations=120 (full 27):
 PSYoungGen      total 211968K, used 111929K [0x00000000eab00000, 0x00000000f9c00000, 0x0000000100000000)
  eden space 185344K, 55% used [0x00000000eab00000,0x00000000f1016568,0x00000000f6000000)
  from space 26624K, 31% used [0x00000000f7880000,0x00000000f80b8090,0x00000000f9280000)
  to   space 25088K, 0% used [0x00000000f6000000,0x00000000f6000000,0x00000000f7880000)
 ParOldGen       total 204800K, used 90321K [0x00000000c0000000, 0x00000000cc800000, 0x00000000eab00000)
  object space 204800K, 44% used [0x00000000c0000000,0x00000000c5834448,0x00000000cc800000)
 Metaspace       used 100660K, capacity 110088K, committed 113536K, reserved 1148928K
  class space    used 12760K, capacity 13906K, committed 14720K, reserved 1048576K
Event: 15881.506 GC heap after
Heap after GC invocations=120 (full 27):
 PSYoungGen      total 210432K, used 3379K [0x00000000eab00000, 0x00000000f9b00000, 0x0000000100000000)
  eden space 185344K, 0% used [0x00000000eab00000,0x00000000eab00000,0x00000000f6000000)
  from space 25088K, 13% used [0x00000000f6000000,0x00000000f634ce90,0x00000000f7880000)
  to   space 24576K, 0% used [0x00000000f8300000,0x00000000f8300000,0x00000000f9b00000)
 ParOldGen       total 204800K, used 90329K [0x00000000c0000000, 0x00000000cc800000, 0x00000000eab00000)
  object space 204800K, 44% used [0x00000000c0000000,0x00000000c5836448,0x00000000cc800000)
 Metaspace       used 100660K, capacity 110088K, committed 113536K, reserved 1148928K
  class space    used 12760K, capacity 13906K, committed 14720K, reserved 1048576K
}
Event: 15881.506 GC heap before
{Heap before GC invocations=121 (full 28):
 PSYoungGen      total 210432K, used 3379K [0x00000000eab00000, 0x00000000f9b00000, 0x0000000100000000)
  eden space 185344K, 0% used [0x00000000eab00000,0x00000000eab00000,0x00000000f6000000)
  from space 25088K, 13% used [0x00000000f6000000,0x00000000f634ce90,0x00000000f7880000)
  to   space 24576K, 0% used [0x00000000f8300000,0x00000000f8300000,0x00000000f9b00000)
 ParOldGen       total 204800K, used 90329K [0x00000000c0000000, 0x00000000cc800000, 0x00000000eab00000)
  object space 204800K, 44% used [0x00000000c0000000,0x00000000c5836448,0x00000000cc800000)
 Metaspace       used 100660K, capacity 110088K, committed 113536K, reserved 1148928K
  class space    used 12760K, capacity 13906K, committed 14720K, reserved 1048576K
Event: 15881.784 GC heap after
Heap after GC invocations=121 (full 28):
 PSYoungGen      total 210432K, used 0K [0x00000000eab00000, 0x00000000f9b00000, 0x0000000100000000)
  eden space 185344K, 0% used [0x00000000eab00000,0x00000000eab00000,0x00000000f6000000)
  from space 25088K, 0% used [0x00000000f6000000,0x00000000f6000000,0x00000000f7880000)
  to   space 24576K, 0% used [0x00000000f8300000,0x00000000f8300000,0x00000000f9b00000)
 ParOldGen       total 204800K, used 58898K [0x00000000c0000000, 0x00000000cc800000, 0x00000000eab00000)
  object space 204800K, 28% used [0x00000000c0000000,0x00000000c3984ab8,0x00000000cc800000)
 Metaspace       used 97570K, capacity 104238K, committed 113536K, reserved 1148928K
  class space    used 12042K, capacity 12572K, committed 14720K, reserved 1048576K
}
Event: 15890.884 GC heap before
{Heap before GC invocations=122 (full 28):
 PSYoungGen      total 210432K, used 185344K [0x00000000eab00000, 0x00000000f9b00000, 0x0000000100000000)
  eden space 185344K, 100% used [0x00000000eab00000,0x00000000f6000000,0x00000000f6000000)
  from space 25088K, 0% used [0x00000000f6000000,0x00000000f6000000,0x00000000f7880000)
  to   space 24576K, 0% used [0x00000000f8300000,0x00000000f8300000,0x00000000f9b00000)
 ParOldGen       total 204800K, used 58898K [0x00000000c0000000, 0x00000000cc800000, 0x00000000eab00000)
  object space 204800K, 28% used [0x00000000c0000000,0x00000000c3984ab8,0x00000000cc800000)
 Metaspace       used 97899K, capacity 104856K, committed 113536K, reserved 1148928K
  class space    used 12123K, capacity 12695K, committed 14720K, reserved 1048576K
Event: 15890.911 GC heap after
Heap after GC invocations=122 (full 28):
 PSYoungGen      total 220160K, used 11808K [0x00000000eab00000, 0x00000000f9a00000, 0x0000000100000000)
  eden space 196608K, 0% used [0x00000000eab00000,0x00000000eab00000,0x00000000f6b00000)
  from space 23552K, 50% used [0x00000000f8300000,0x00000000f8e88000,0x00000000f9a00000)
  to   space 24064K, 0% used [0x00000000f6b00000,0x00000000f6b00000,0x00000000f8280000)
 ParOldGen       total 204800K, used 58898K [0x00000000c0000000, 0x00000000cc800000, 0x00000000eab00000)
  object space 204800K, 28% used [0x00000000c0000000,0x00000000c3984ab8,0x00000000cc800000)
 Metaspace       used 97899K, capacity 104856K, committed 113536K, reserved 1148928K
  class space    used 12123K, capacity 12695K, committed 14720K, reserved 1048576K
}
Event: 15893.233 GC heap before
{Heap before GC invocations=123 (full 28):
 PSYoungGen      total 220160K, used 208416K [0x00000000eab00000, 0x00000000f9a00000, 0x0000000100000000)
  eden space 196608K, 100% used [0x00000000eab00000,0x00000000f6b00000,0x00000000f6b00000)
  from space 23552K, 50% used [0x00000000f8300000,0x00000000f8e88000,0x00000000f9a00000)
  to   space 24064K, 0% used [0x00000000f6b00000,0x00000000f6b00000,0x00000000f8280000)
 ParOldGen       total 204800K, used 58898K [0x00000000c0000000, 0x00000000cc800000, 0x00000000eab00000)
  object space 204800K, 28% used [0x00000000c0000000,0x00000000c3984ab8,0x00000000cc800000)
 Metaspace       used 98038K, capacity 105124K, committed 113536K, reserved 1148928K
  class space    used 12170K, capacity 12789K, committed 14720K, reserved 1048576K
Event: 15893.252 GC heap after
Heap after GC invocations=123 (full 28):
 PSYoungGen      total 220672K, used 24035K [0x00000000eab00000, 0x00000000fb080000, 0x0000000100000000)
  eden space 196608K, 0% used [0x00000000eab00000,0x00000000eab00000,0x00000000f6b00000)
  from space 24064K, 99% used [0x00000000f6b00000,0x00000000f8278e98,0x00000000f8280000)
  to   space 29696K, 0% used [0x00000000f9380000,0x00000000f9380000,0x00000000fb080000)
 ParOldGen       total 204800K, used 63349K [0x00000000c0000000, 0x00000000cc800000, 0x00000000eab00000)
  object space 204800K, 30% used [0x00000000c0000000,0x00000000c3ddd518,0x00000000cc800000)
 Metaspace       used 98038K, capacity 105124K, committed 113536K, reserved 1148928K
  class space    used 12170K, capacity 12789K, committed 14720K, reserved 1048576K
}
Event: 15894.961 GC heap before
{Heap before GC invocations=124 (full 28):
 PSYoungGen      total 220672K, used 220643K [0x00000000eab00000, 0x00000000fb080000, 0x0000000100000000)
  eden space 196608K, 100% used [0x00000000eab00000,0x00000000f6b00000,0x00000000f6b00000)
  from space 24064K, 99% used [0x00000000f6b00000,0x00000000f8278e98,0x00000000f8280000)
  to   space 29696K, 0% used [0x00000000f9380000,0x00000000f9380000,0x00000000fb080000)
 ParOldGen       total 204800K, used 63349K [0x00000000c0000000, 0x00000000cc800000, 0x00000000eab00000)
  object space 204800K, 30% used [0x00000000c0000000,0x00000000c3ddd518,0x00000000cc800000)
 Metaspace       used 98157K, capacity 105456K, committed 113536K, reserved 1148928K
  class space    used 12189K, capacity 12823K, committed 14720K, reserved 1048576K

