# JRE version: Java(TM) SE Runtime Environment (7.0_79-b15) (build 1.7.0_79-b15)
# Java VM: Java HotSpot(TM) 64-Bit Server VM (24.79-b02 mixed mode windows-amd64 compressed oops)
Heap
 PSYoungGen      total 232448K, used 117248K [0x00000000eaa80000, 0x00000000fff00000, 0x0000000100000000)
  eden space 117248K, 100% used [0x00000000eaa80000,0x00000000f1d00000,0x00000000f1d00000)
  from space 115200K, 0% used [0x00000000f8e80000,0x00000000f8e80000,0x00000000fff00000)
  to   space 115712K, 0% used [0x00000000f1d00000,0x00000000f1d00000,0x00000000f8e00000)
 ParOldGen       total 698880K, used 698843K [0x00000000c0000000, 0x00000000eaa80000, 0x00000000eaa80000)
  object space 698880K, 99% used [0x00000000c0000000,0x00000000eaa76f78,0x00000000eaa80000)
 PSPermGen       total 21504K, used 6419K [0x00000000bae00000, 0x00000000bc300000, 0x00000000c0000000)
  object space 21504K, 29% used [0x00000000bae00000,0x00000000bb444cd8,0x00000000bc300000)
GC Heap History (10 events):
Event: 43.810 GC heap after
Heap after GC invocations=67 (full 33):
 PSYoungGen      total 232448K, used 113716K [0x00000000eaa80000, 0x00000000fff00000, 0x0000000100000000)
  eden space 117248K, 96% used [0x00000000eaa80000,0x00000000f198d268,0x00000000f1d00000)
  from space 115200K, 0% used [0x00000000f8e80000,0x00000000f8e80000,0x00000000fff00000)
  to   space 115712K, 0% used [0x00000000f1d00000,0x00000000f1d00000,0x00000000f8e00000)
 ParOldGen       total 698880K, used 698843K [0x00000000c0000000, 0x00000000eaa80000, 0x00000000eaa80000)
  object space 698880K, 99% used [0x00000000c0000000,0x00000000eaa76f78,0x00000000eaa80000)
 PSPermGen       total 21504K, used 6419K [0x00000000bae00000, 0x00000000bc300000, 0x00000000c0000000)
  object space 21504K, 29% used [0x00000000bae00000,0x00000000bb444cd8,0x00000000bc300000)
}
Event: 43.812 GC heap before
{Heap before GC invocations=68 (full 34):
 PSYoungGen      total 232448K, used 117248K [0x00000000eaa80000, 0x00000000fff00000, 0x0000000100000000)
  eden space 117248K, 100% used [0x00000000eaa80000,0x00000000f1d00000,0x00000000f1d00000)
  from space 115200K, 0% used [0x00000000f8e80000,0x00000000f8e80000,0x00000000fff00000)
  to   space 115712K, 0% used [0x00000000f1d00000,0x00000000f1d00000,0x00000000f8e00000)
 ParOldGen       total 698880K, used 698843K [0x00000000c0000000, 0x00000000eaa80000, 0x00000000eaa80000)
  object space 698880K, 99% used [0x00000000c0000000,0x00000000eaa76f78,0x00000000eaa80000)
 PSPermGen       total 21504K, used 6419K [0x00000000bae00000, 0x00000000bc300000, 0x00000000c0000000)
  object space 21504K, 29% used [0x00000000bae00000,0x00000000bb444cd8,0x00000000bc300000)
Event: 44.446 GC heap after
Heap after GC invocations=68 (full 34):
 PSYoungGen      total 232448K, used 114293K [0x00000000eaa80000, 0x00000000fff00000, 0x0000000100000000)
  eden space 117248K, 97% used [0x00000000eaa80000,0x00000000f1a1d788,0x00000000f1d00000)
  from space 115200K, 0% used [0x00000000f8e80000,0x00000000f8e80000,0x00000000fff00000)
  to   space 115712K, 0% used [0x00000000f1d00000,0x00000000f1d00000,0x00000000f8e00000)
 ParOldGen       total 698880K, used 698843K [0x00000000c0000000, 0x00000000eaa80000, 0x00000000eaa80000)
  object space 698880K, 99% used [0x00000000c0000000,0x00000000eaa76f78,0x00000000eaa80000)
 PSPermGen       total 21504K, used 6419K [0x00000000bae00000, 0x00000000bc300000, 0x00000000c0000000)
  object space 21504K, 29% used [0x00000000bae00000,0x00000000bb444cd8,0x00000000bc300000)
}
Event: 44.448 GC heap before
{Heap before GC invocations=69 (full 35):
 PSYoungGen      total 232448K, used 117248K [0x00000000eaa80000, 0x00000000fff00000, 0x0000000100000000)
  eden space 117248K, 100% used [0x00000000eaa80000,0x00000000f1d00000,0x00000000f1d00000)
  from space 115200K, 0% used [0x00000000f8e80000,0x00000000f8e80000,0x00000000fff00000)
  to   space 115712K, 0% used [0x00000000f1d00000,0x00000000f1d00000,0x00000000f8e00000)
 ParOldGen       total 698880K, used 698843K [0x00000000c0000000, 0x00000000eaa80000, 0x00000000eaa80000)
  object space 698880K, 99% used [0x00000000c0000000,0x00000000eaa76f78,0x00000000eaa80000)
 PSPermGen       total 21504K, used 6419K [0x00000000bae00000, 0x00000000bc300000, 0x00000000c0000000)
  object space 21504K, 29% used [0x00000000bae00000,0x00000000bb444cd8,0x00000000bc300000)
Event: 45.094 GC heap after
Heap after GC invocations=69 (full 35):
 PSYoungGen      total 232448K, used 114745K [0x00000000eaa80000, 0x00000000fff00000, 0x0000000100000000)
  eden space 117248K, 97% used [0x00000000eaa80000,0x00000000f1a8e588,0x00000000f1d00000)
  from space 115200K, 0% used [0x00000000f8e80000,0x00000000f8e80000,0x00000000fff00000)
  to   space 115712K, 0% used [0x00000000f1d00000,0x00000000f1d00000,0x00000000f8e00000)
 ParOldGen       total 698880K, used 698843K [0x00000000c0000000, 0x00000000eaa80000, 0x00000000eaa80000)
  object space 698880K, 99% used [0x00000000c0000000,0x00000000eaa76f78,0x00000000eaa80000)
 PSPermGen       total 21504K, used 6419K [0x00000000bae00000, 0x00000000bc300000, 0x00000000c0000000)
  object space 21504K, 29% used [0x00000000bae00000,0x00000000bb444cd8,0x00000000bc300000)
}
Event: 45.095 GC heap before
{Heap before GC invocations=70 (full 36):
 PSYoungGen      total 232448K, used 117248K [0x00000000eaa80000, 0x00000000fff00000, 0x0000000100000000)
  eden space 117248K, 100% used [0x00000000eaa80000,0x00000000f1d00000,0x00000000f1d00000)
  from space 115200K, 0% used [0x00000000f8e80000,0x00000000f8e80000,0x00000000fff00000)
  to   space 115712K, 0% used [0x00000000f1d00000,0x00000000f1d00000,0x00000000f8e00000)
 ParOldGen       total 698880K, used 698843K [0x00000000c0000000, 0x00000000eaa80000, 0x00000000eaa80000)
  object space 698880K, 99% used [0x00000000c0000000,0x00000000eaa76f78,0x00000000eaa80000)
 PSPermGen       total 21504K, used 6419K [0x00000000bae00000, 0x00000000bc300000, 0x00000000c0000000)
  object space 21504K, 29% used [0x00000000bae00000,0x00000000bb444cd8,0x00000000bc300000)
Event: 45.722 GC heap after
Heap after GC invocations=70 (full 36):
 PSYoungGen      total 232448K, used 115037K [0x00000000eaa80000, 0x00000000fff00000, 0x0000000100000000)
  eden space 117248K, 98% used [0x00000000eaa80000,0x00000000f1ad7458,0x00000000f1d00000)
  from space 115200K, 0% used [0x00000000f8e80000,0x00000000f8e80000,0x00000000fff00000)
  to   space 115712K, 0% used [0x00000000f1d00000,0x00000000f1d00000,0x00000000f8e00000)
 ParOldGen       total 698880K, used 698843K [0x00000000c0000000, 0x00000000eaa80000, 0x00000000eaa80000)
  object space 698880K, 99% used [0x00000000c0000000,0x00000000eaa76f78,0x00000000eaa80000)
 PSPermGen       total 21504K, used 6419K [0x00000000bae00000, 0x00000000bc300000, 0x00000000c0000000)
  object space 21504K, 29% used [0x00000000bae00000,0x00000000bb444cd8,0x00000000bc300000)
}
Event: 45.724 GC heap before
{Heap before GC invocations=71 (full 37):
 PSYoungGen      total 232448K, used 117248K [0x00000000eaa80000, 0x00000000fff00000, 0x0000000100000000)
  eden space 117248K, 100% used [0x00000000eaa80000,0x00000000f1d00000,0x00000000f1d00000)
  from space 115200K, 0% used [0x00000000f8e80000,0x00000000f8e80000,0x00000000fff00000)
  to   space 115712K, 0% used [0x00000000f1d00000,0x00000000f1d00000,0x00000000f8e00000)
 ParOldGen       total 698880K, used 698843K [0x00000000c0000000, 0x00000000eaa80000, 0x00000000eaa80000)
  object space 698880K, 99% used [0x00000000c0000000,0x00000000eaa76f78,0x00000000eaa80000)
 PSPermGen       total 21504K, used 6419K [0x00000000bae00000, 0x00000000bc300000, 0x00000000c0000000)
  object space 21504K, 29% used [0x00000000bae00000,0x00000000bb444cd8,0x00000000bc300000)
Event: 46.310 GC heap after
Heap after GC invocations=71 (full 37):
 PSYoungGen      total 232448K, used 115427K [0x00000000eaa80000, 0x00000000fff00000, 0x0000000100000000)
  eden space 117248K, 98% used [0x00000000eaa80000,0x00000000f1b38d68,0x00000000f1d00000)
  from space 115200K, 0% used [0x00000000f8e80000,0x00000000f8e80000,0x00000000fff00000)
  to   space 115712K, 0% used [0x00000000f1d00000,0x00000000f1d00000,0x00000000f8e00000)
 ParOldGen       total 698880K, used 698843K [0x00000000c0000000, 0x00000000eaa80000, 0x00000000eaa80000)
  object space 698880K, 99% used [0x00000000c0000000,0x00000000eaa76f78,0x00000000eaa80000)
 PSPermGen       total 21504K, used 6419K [0x00000000bae00000, 0x00000000bc300000, 0x00000000c0000000)
  object space 21504K, 29% used [0x00000000bae00000,0x00000000bb444cd8,0x00000000bc300000)
}
Event: 46.312 GC heap before
{Heap before GC invocations=72 (full 38):
 PSYoungGen      total 232448K, used 117248K [0x00000000eaa80000, 0x00000000fff00000, 0x0000000100000000)
  eden space 117248K, 100% used [0x00000000eaa80000,0x00000000f1d00000,0x00000000f1d00000)
  from space 115200K, 0% used [0x00000000f8e80000,0x00000000f8e80000,0x00000000fff00000)
  to   space 115712K, 0% used [0x00000000f1d00000,0x00000000f1d00000,0x00000000f8e00000)
 ParOldGen       total 698880K, used 698843K [0x00000000c0000000, 0x00000000eaa80000, 0x00000000eaa80000)
  object space 698880K, 99% used [0x00000000c0000000,0x00000000eaa76f78,0x00000000eaa80000)
 PSPermGen       total 21504K, used 6419K [0x00000000bae00000, 0x00000000bc300000, 0x00000000c0000000)
  object space 21504K, 29% used [0x00000000bae00000,0x00000000bb444cd8,0x00000000bc300000)

