# JRE version: Java(TM) SE Runtime Environment (7.0_79-b15) (build 1.7.0_79-b15)
# Java VM: Java HotSpot(TM) 64-Bit Server VM (24.79-b02 mixed mode windows-amd64 compressed oops)
Heap
 PSYoungGen      total 138240K, used 20838K [0x00000000eaa80000, 0x00000000ffe00000, 0x0000000100000000)
  eden space 117248K, 0% used [0x00000000eaa80000,0x00000000eaa80000,0x00000000f1d00000)
  from space 20992K, 99% used [0x00000000f1d00000,0x00000000f3159b88,0x00000000f3180000)
  to   space 115200K, 0% used [0x00000000f8d80000,0x00000000f8d80000,0x00000000ffe00000)
 ParOldGen       total 348160K, used 300378K [0x00000000c0000000, 0x00000000d5400000, 0x00000000eaa80000)
  object space 348160K, 86% used [0x00000000c0000000,0x00000000d2556838,0x00000000d5400000)
 PSPermGen       total 21504K, used 5940K [0x00000000bae00000, 0x00000000bc300000, 0x00000000c0000000)
  object space 21504K, 27% used [0x00000000bae00000,0x00000000bb3cd008,0x00000000bc300000)
GC Heap History (10 events):
Event: 6.193 GC heap after
Heap after GC invocations=9 (full 0):
 PSYoungGen      total 233472K, used 73601K [0x00000000eaa80000, 0x0000000100000000, 0x0000000100000000)
  eden space 117248K, 0% used [0x00000000eaa80000,0x00000000eaa80000,0x00000000f1d00000)
  from space 116224K, 63% used [0x00000000f1d00000,0x00000000f64e0748,0x00000000f8e80000)
  to   space 116224K, 0% used [0x00000000f8e80000,0x00000000f8e80000,0x0000000100000000)
 ParOldGen       total 348160K, used 174809K [0x00000000c0000000, 0x00000000d5400000, 0x00000000eaa80000)
  object space 348160K, 50% used [0x00000000c0000000,0x00000000caab6640,0x00000000d5400000)
 PSPermGen       total 21504K, used 5891K [0x00000000bae00000, 0x00000000bc300000, 0x00000000c0000000)
  object space 21504K, 27% used [0x00000000bae00000,0x00000000bb3c0f70,0x00000000bc300000)
}
Event: 6.425 GC heap before
{Heap before GC invocations=10 (full 0):
 PSYoungGen      total 233472K, used 190849K [0x00000000eaa80000, 0x0000000100000000, 0x0000000100000000)
  eden space 117248K, 100% used [0x00000000eaa80000,0x00000000f1d00000,0x00000000f1d00000)
  from space 116224K, 63% used [0x00000000f1d00000,0x00000000f64e0748,0x00000000f8e80000)
  to   space 116224K, 0% used [0x00000000f8e80000,0x00000000f8e80000,0x0000000100000000)
 ParOldGen       total 348160K, used 174809K [0x00000000c0000000, 0x00000000d5400000, 0x00000000eaa80000)
  object space 348160K, 50% used [0x00000000c0000000,0x00000000caab6640,0x00000000d5400000)
 PSPermGen       total 21504K, used 5893K [0x00000000bae00000, 0x00000000bc300000, 0x00000000c0000000)
  object space 21504K, 27% used [0x00000000bae00000,0x00000000bb3c1708,0x00000000bc300000)
Event: 6.475 GC heap after
Heap after GC invocations=10 (full 0):
 PSYoungGen      total 232448K, used 37449K [0x00000000eaa80000, 0x00000000fff00000, 0x0000000100000000)
  eden space 117248K, 0% used [0x00000000eaa80000,0x00000000eaa80000,0x00000000f1d00000)
  from space 115200K, 32% used [0x00000000f8e80000,0x00000000fb3126e8,0x00000000fff00000)
  to   space 115712K, 0% used [0x00000000f1d00000,0x00000000f1d00000,0x00000000f8e00000)
 ParOldGen       total 348160K, used 228901K [0x00000000c0000000, 0x00000000d5400000, 0x00000000eaa80000)
  object space 348160K, 65% used [0x00000000c0000000,0x00000000cdf895d8,0x00000000d5400000)
 PSPermGen       total 21504K, used 5893K [0x00000000bae00000, 0x00000000bc300000, 0x00000000c0000000)
  object space 21504K, 27% used [0x00000000bae00000,0x00000000bb3c1708,0x00000000bc300000)
}
Event: 6.697 GC heap before
{Heap before GC invocations=11 (full 0):
 PSYoungGen      total 232448K, used 154697K [0x00000000eaa80000, 0x00000000fff00000, 0x0000000100000000)
  eden space 117248K, 100% used [0x00000000eaa80000,0x00000000f1d00000,0x00000000f1d00000)
  from space 115200K, 32% used [0x00000000f8e80000,0x00000000fb3126e8,0x00000000fff00000)
  to   space 115712K, 0% used [0x00000000f1d00000,0x00000000f1d00000,0x00000000f8e00000)
 ParOldGen       total 348160K, used 228901K [0x00000000c0000000, 0x00000000d5400000, 0x00000000eaa80000)
  object space 348160K, 65% used [0x00000000c0000000,0x00000000cdf895d8,0x00000000d5400000)
 PSPermGen       total 21504K, used 5902K [0x00000000bae00000, 0x00000000bc300000, 0x00000000c0000000)
  object space 21504K, 27% used [0x00000000bae00000,0x00000000bb3c3890,0x00000000bc300000)
Event: 6.727 GC heap after
Heap after GC invocations=11 (full 0):
 PSYoungGen      total 232960K, used 18624K [0x00000000eaa80000, 0x0000000100000000, 0x0000000100000000)
  eden space 117248K, 0% used [0x00000000eaa80000,0x00000000eaa80000,0x00000000f1d00000)
  from space 115712K, 16% used [0x00000000f1d00000,0x00000000f2f30048,0x00000000f8e00000)
  to   space 116224K, 0% used [0x00000000f8e80000,0x00000000f8e80000,0x0000000100000000)
 ParOldGen       total 348160K, used 265576K [0x00000000c0000000, 0x00000000d5400000, 0x00000000eaa80000)
  object space 348160K, 76% used [0x00000000c0000000,0x00000000d035a388,0x00000000d5400000)
 PSPermGen       total 21504K, used 5902K [0x00000000bae00000, 0x00000000bc300000, 0x00000000c0000000)
  object space 21504K, 27% used [0x00000000bae00000,0x00000000bb3c3890,0x00000000bc300000)
}
Event: 6.996 GC heap before
{Heap before GC invocations=12 (full 0):
 PSYoungGen      total 232960K, used 135872K [0x00000000eaa80000, 0x0000000100000000, 0x0000000100000000)
  eden space 117248K, 100% used [0x00000000eaa80000,0x00000000f1d00000,0x00000000f1d00000)
  from space 115712K, 16% used [0x00000000f1d00000,0x00000000f2f30048,0x00000000f8e00000)
  to   space 116224K, 0% used [0x00000000f8e80000,0x00000000f8e80000,0x0000000100000000)
 ParOldGen       total 348160K, used 265576K [0x00000000c0000000, 0x00000000d5400000, 0x00000000eaa80000)
  object space 348160K, 76% used [0x00000000c0000000,0x00000000d035a388,0x00000000d5400000)
 PSPermGen       total 21504K, used 5905K [0x00000000bae00000, 0x00000000bc300000, 0x00000000c0000000)
  object space 21504K, 27% used [0x00000000bae00000,0x00000000bb3c44f0,0x00000000bc300000)
Event: 7.021 GC heap after
Heap after GC invocations=12 (full 0):
 PSYoungGen      total 233472K, used 17517K [0x00000000eaa80000, 0x0000000100000000, 0x0000000100000000)
  eden space 117248K, 0% used [0x00000000eaa80000,0x00000000eaa80000,0x00000000f1d00000)
  from space 116224K, 15% used [0x00000000f8e80000,0x00000000f9f9b6c0,0x0000000100000000)
  to   space 116224K, 0% used [0x00000000f1d00000,0x00000000f1d00000,0x00000000f8e80000)
 ParOldGen       total 348160K, used 283591K [0x00000000c0000000, 0x00000000d5400000, 0x00000000eaa80000)
  object space 348160K, 81% used [0x00000000c0000000,0x00000000d14f1ea0,0x00000000d5400000)
 PSPermGen       total 21504K, used 5905K [0x00000000bae00000, 0x00000000bc300000, 0x00000000c0000000)
  object space 21504K, 27% used [0x00000000bae00000,0x00000000bb3c44f0,0x00000000bc300000)
}
Event: 7.266 GC heap before
{Heap before GC invocations=13 (full 0):
 PSYoungGen      total 233472K, used 134765K [0x00000000eaa80000, 0x0000000100000000, 0x0000000100000000)
  eden space 117248K, 100% used [0x00000000eaa80000,0x00000000f1d00000,0x00000000f1d00000)
  from space 116224K, 15% used [0x00000000f8e80000,0x00000000f9f9b6c0,0x0000000100000000)
  to   space 116224K, 0% used [0x00000000f1d00000,0x00000000f1d00000,0x00000000f8e80000)
 ParOldGen       total 348160K, used 283591K [0x00000000c0000000, 0x00000000d5400000, 0x00000000eaa80000)
  object space 348160K, 81% used [0x00000000c0000000,0x00000000d14f1ea0,0x00000000d5400000)
 PSPermGen       total 21504K, used 5940K [0x00000000bae00000, 0x00000000bc300000, 0x00000000c0000000)
  object space 21504K, 27% used [0x00000000bae00000,0x00000000bb3cd008,0x00000000bc300000)
Event: 7.290 GC heap after
Heap after GC invocations=13 (full 0):
 PSYoungGen      total 138240K, used 20838K [0x00000000eaa80000, 0x00000000ffe00000, 0x0000000100000000)
  eden space 117248K, 0% used [0x00000000eaa80000,0x00000000eaa80000,0x00000000f1d00000)
  from space 20992K, 99% used [0x00000000f1d00000,0x00000000f3159b88,0x00000000f3180000)
  to   space 115200K, 0% used [0x00000000f8d80000,0x00000000f8d80000,0x00000000ffe00000)
 ParOldGen       total 348160K, used 300378K [0x00000000c0000000, 0x00000000d5400000, 0x00000000eaa80000)
  object space 348160K, 86% used [0x00000000c0000000,0x00000000d2556838,0x00000000d5400000)
 PSPermGen       total 21504K, used 5940K [0x00000000bae00000, 0x00000000bc300000, 0x00000000c0000000)
  object space 21504K, 27% used [0x00000000bae00000,0x00000000bb3cd008,0x00000000bc300000)
}
Event: 7.290 GC heap before
{Heap before GC invocations=14 (full 1):
 PSYoungGen      total 138240K, used 20838K [0x00000000eaa80000, 0x00000000ffe00000, 0x0000000100000000)
  eden space 117248K, 0% used [0x00000000eaa80000,0x00000000eaa80000,0x00000000f1d00000)
  from space 20992K, 99% used [0x00000000f1d00000,0x00000000f3159b88,0x00000000f3180000)
  to   space 115200K, 0% used [0x00000000f8d80000,0x00000000f8d80000,0x00000000ffe00000)
 ParOldGen       total 348160K, used 300378K [0x00000000c0000000, 0x00000000d5400000, 0x00000000eaa80000)
  object space 348160K, 86% used [0x00000000c0000000,0x00000000d2556838,0x00000000d5400000)
 PSPermGen       total 21504K, used 5940K [0x00000000bae00000, 0x00000000bc300000, 0x00000000c0000000)
  object space 21504K, 27% used [0x00000000bae00000,0x00000000bb3cd008,0x00000000bc300000)

